  ApplicationDlg.cpp
c:\users\user\desktop\skola\tvorbasoftsys\zadanie2\application\applicationdlg.cpp(247): warning C4244: '=': conversion from 'int' to 'float', possible loss of data
c:\users\user\desktop\skola\tvorbasoftsys\zadanie2\application\applicationdlg.cpp(250): warning C4244: '=': conversion from 'int' to 'float', possible loss of data
c:\users\user\desktop\skola\tvorbasoftsys\zadanie2\application\applicationdlg.cpp(275): warning C4244: '=': conversion from 'int' to 'float', possible loss of data
c:\users\user\desktop\skola\tvorbasoftsys\zadanie2\application\applicationdlg.cpp(276): warning C4244: '=': conversion from 'float' to 'BYTE', possible loss of data
c:\users\user\desktop\skola\tvorbasoftsys\zadanie2\application\applicationdlg.cpp(277): warning C4244: '=': conversion from 'float' to 'BYTE', possible loss of data
c:\users\user\desktop\skola\tvorbasoftsys\zadanie2\application\applicationdlg.cpp(278): warning C4244: '=': conversion from 'float' to 'BYTE', possible loss of data
c:\users\user\desktop\skola\tvorbasoftsys\zadanie2\application\applicationdlg.cpp(310): warning C4244: '=': conversion from 'double' to 'float', possible loss of data
c:\users\user\desktop\skola\tvorbasoftsys\zadanie2\application\applicationdlg.cpp(311): warning C4244: '=': conversion from 'double' to 'float', possible loss of data
c:\users\user\desktop\skola\tvorbasoftsys\zadanie2\application\applicationdlg.cpp(312): warning C4244: '=': conversion from 'double' to 'float', possible loss of data
c:\users\user\desktop\skola\tvorbasoftsys\zadanie2\application\applicationdlg.cpp(316): warning C4244: '=': conversion from 'double' to 'float', possible loss of data
c:\users\user\desktop\skola\tvorbasoftsys\zadanie2\application\applicationdlg.cpp(317): warning C4244: '=': conversion from 'double' to 'float', possible loss of data
c:\users\user\desktop\skola\tvorbasoftsys\zadanie2\application\applicationdlg.cpp(318): warning C4244: '=': conversion from 'double' to 'float', possible loss of data
c:\users\user\desktop\skola\tvorbasoftsys\zadanie2\application\applicationdlg.cpp(325): warning C4244: '=': conversion from 'double' to 'BYTE', possible loss of data
c:\users\user\desktop\skola\tvorbasoftsys\zadanie2\application\applicationdlg.cpp(326): warning C4244: '=': conversion from 'double' to 'BYTE', possible loss of data
c:\users\user\desktop\skola\tvorbasoftsys\zadanie2\application\applicationdlg.cpp(327): warning C4244: '=': conversion from 'double' to 'BYTE', possible loss of data
c:\users\user\desktop\skola\tvorbasoftsys\zadanie2\application\applicationdlg.cpp(437): warning C4244: 'argument': conversion from 'double' to 'int', possible loss of data
c:\users\user\desktop\skola\tvorbasoftsys\zadanie2\application\applicationdlg.cpp(442): warning C4244: 'argument': conversion from 'double' to 'int', possible loss of data
c:\users\user\desktop\skola\tvorbasoftsys\zadanie2\application\applicationdlg.cpp(186): warning C4715: 'CApplicationDlg::OnDrawImage': not all control paths return a value
  Application.vcxproj -> C:\Users\user\Desktop\SKOLA\Tvorbasoftsys\Zadanie2\console-app-master\x64\Debug\Application.exe
  Application.vcxproj -> C:\Users\user\Desktop\SKOLA\Tvorbasoftsys\Zadanie2\console-app-master\x64\Debug\Application.pdb (Partial PDB)
