  Application.cpp
  ApplicationDlg.cpp
ApplicationDlg.cpp(253): warning C4244: '=': conversion from 'int' to 'float', possible loss of data
ApplicationDlg.cpp(256): warning C4244: '=': conversion from 'int' to 'float', possible loss of data
ApplicationDlg.cpp(285): warning C4244: '=': conversion from 'double' to 'float', possible loss of data
ApplicationDlg.cpp(286): warning C4244: '=': conversion from 'double' to 'float', possible loss of data
ApplicationDlg.cpp(287): warning C4244: '=': conversion from 'double' to 'float', possible loss of data
ApplicationDlg.cpp(290): warning C4244: '=': conversion from 'double' to 'float', possible loss of data
ApplicationDlg.cpp(291): warning C4244: '=': conversion from 'double' to 'float', possible loss of data
ApplicationDlg.cpp(292): warning C4244: '=': conversion from 'double' to 'float', possible loss of data
ApplicationDlg.cpp(297): warning C4244: '=': conversion from 'double' to 'BYTE', possible loss of data
ApplicationDlg.cpp(298): warning C4244: '=': conversion from 'double' to 'BYTE', possible loss of data
ApplicationDlg.cpp(299): warning C4244: '=': conversion from 'double' to 'BYTE', possible loss of data
ApplicationDlg.cpp(409): warning C4244: 'argument': conversion from 'double' to 'int', possible loss of data
ApplicationDlg.cpp(414): warning C4244: 'argument': conversion from 'double' to 'int', possible loss of data
  Generating code
c:\users\user\desktop\skola\tvorbasoftsys\zadanie2\application\applicationdlg.cpp(191): warning C4715: 'CApplicationDlg::OnDrawImage': not all control paths return a value
  23 of 379 functions ( 6.1%) were compiled, the rest were copied from previous compilation.
    0 functions were new in current compilation
    5 functions had inline decision re-evaluated but remain unchanged
  Finished generating code
  Application.vcxproj -> C:\Users\user\Desktop\SKOLA\Tvorbasoftsys\Zadanie2\console-app-master\x64\Release\Application.exe
  Application.vcxproj -> C:\Users\user\Desktop\SKOLA\Tvorbasoftsys\Zadanie2\console-app-master\x64\Release\Application.pdb (Full PDB)
